<?xml version="1.0" encoding="UTF-8"?>
<!-- Generated by org.testng.reporters.JUnitReportReporter -->
<testsuite skipped="0" hostname="Magistr-PC" name="test.yandex.YandexLoginTest" tests="1" failures="0" timestamp="2 Nov 2016 16:14:31 GMT" time="20.528" errors="0">
  <testcase name="correctLoginTest" time="20.528" classname="test.yandex.YandexLoginTest"/>
</testsuite> <!-- test.yandex.YandexLoginTest -->
